[2015-11-27 20:07:18.439] [jointLog] [info] parsing read library format
[2015-11-27 20:07:18.486] [jointLog] [info] Loading Quasi index
[2015-11-27 20:07:18.487] [jointLog] [info] done
[2015-11-27 20:07:21.353] [fileLog] [info] 
At end of round 0
==================
Observed 451740 total fragments (451740 in most recent round)

[2015-11-27 20:07:21.352] [jointLog] [info] Computed 0 rich equivalence classes for further processing
[2015-11-27 20:07:21.352] [jointLog] [info] Counted 0 total reads in the equivalence classes 
[2015-11-27 20:07:21.354] [jointLog] [info] Mapping rate = 0%

[2015-11-27 20:07:21.354] [jointLog] [info] finished quantifyLibrary()
[2015-11-27 20:07:21.354] [jointLog] [info] Starting optimizer
[2015-11-27 20:07:21.354] [jointLog] [info] Marked 0 weighted equivalence classes as degenerate
[2015-11-27 20:07:21.354] [jointLog] [info] iteration = 0 | max rel diff. = -1.79769e+308
[2015-11-27 20:07:21.354] [jointLog] [info] iteration = 1 | max rel diff. = -1.79769e+308
[2015-11-27 20:07:21.354] [jointLog] [error] Total alpha weight was too small! Make sure you ran salmon correclty.
[2015-11-27 20:07:21.354] [jointLog] [info] Finished optimizer
[2015-11-27 20:07:21.354] [jointLog] [info] writing output 

[2015-11-30 16:20:46.321] [jointLog] [info] parsing read library format
[2015-11-30 16:20:46.381] [jointLog] [info] Loading Quasi index
[2015-11-30 16:20:46.381] [jointLog] [info] done
[2015-11-30 16:20:48.088] [fileLog] [info] 
At end of round 0
==================
Observed 451740 total fragments (451740 in most recent round)

[2015-11-30 16:20:48.087] [jointLog] [info] Computed 0 rich equivalence classes for further processing
[2015-11-30 16:20:48.087] [jointLog] [info] Counted 0 total reads in the equivalence classes 
[2015-11-30 16:20:48.091] [jointLog] [info] Mapping rate = 0%

[2015-11-30 16:20:48.091] [jointLog] [info] finished quantifyLibrary()
[2015-11-30 16:20:48.091] [jointLog] [info] Starting optimizer
[2015-11-30 16:20:48.092] [jointLog] [info] Marked 0 weighted equivalence classes as degenerate
[2015-11-30 16:20:48.092] [jointLog] [info] iteration = 0 | max rel diff. = -1.79769e+308
[2015-11-30 16:20:48.092] [jointLog] [info] iteration = 1 | max rel diff. = -1.79769e+308
[2015-11-30 16:20:48.092] [jointLog] [error] Total alpha weight was too small! Make sure you ran salmon correclty.
[2015-11-30 16:20:48.092] [jointLog] [info] Finished optimizer
[2015-11-30 16:20:48.092] [jointLog] [info] writing output 

