[2015-11-27 20:04:41.941] [jointLog] [info] parsing read library format
[2015-11-27 20:04:41.989] [jointLog] [info] Loading Quasi index
[2015-11-27 20:04:41.990] [jointLog] [info] done
[2015-11-27 20:05:13.080] [fileLog] [info] 
At end of round 0
==================
Observed 3822447 total fragments (3822447 in most recent round)

[2015-11-27 20:05:13.076] [jointLog] [info] Computed 1 rich equivalence classes for further processing
[2015-11-27 20:05:13.076] [jointLog] [info] Counted 22 total reads in the equivalence classes 
[2015-11-27 20:05:13.088] [jointLog] [info] Mapping rate = 0.000575548%

[2015-11-27 20:05:13.088] [jointLog] [info] finished quantifyLibrary()
[2015-11-27 20:05:13.088] [jointLog] [info] Starting optimizer
[2015-11-27 20:05:13.089] [jointLog] [info] Marked 0 weighted equivalence classes as degenerate
[2015-11-27 20:05:13.089] [jointLog] [info] iteration = 0 | max rel diff. = 1.61487e-16
[2015-11-27 20:05:13.089] [jointLog] [info] iteration = 1 | max rel diff. = 1.61487e-16
[2015-11-27 20:05:13.089] [jointLog] [info] Finished optimizer
[2015-11-27 20:05:13.089] [jointLog] [info] writing output 

[2015-11-27 20:05:13.092] [jointLog] [warning] NOTE: Read Lib [../data/P89/P89-5/150910/lib8575_C6REVANXX_trimmed.fastq] :

Detected a strand bias > 1% in an unstranded protocol check the file: tmp_lib8575/libFormatCounts.txt for details

[2015-11-30 16:19:19.702] [jointLog] [info] parsing read library format
[2015-11-30 16:19:19.760] [jointLog] [info] Loading Quasi index
[2015-11-30 16:19:19.761] [jointLog] [info] done
[2015-11-30 16:19:35.097] [jointLog] [info] Computed 1 rich equivalence classes for further processing
[2015-11-30 16:19:35.097] [jointLog] [info] Counted 22 total reads in the equivalence classes 
[2015-11-30 16:19:35.101] [jointLog] [info] Mapping rate = 0.000575548%

[2015-11-30 16:19:35.101] [jointLog] [info] finished quantifyLibrary()
[2015-11-30 16:19:35.101] [jointLog] [info] Starting optimizer
[2015-11-30 16:19:35.101] [jointLog] [info] Marked 0 weighted equivalence classes as degenerate
[2015-11-30 16:19:35.101] [jointLog] [info] iteration = 0 | max rel diff. = 1.61487e-16
[2015-11-30 16:19:35.101] [jointLog] [info] iteration = 1 | max rel diff. = 1.61487e-16
[2015-11-30 16:19:35.101] [jointLog] [info] Finished optimizer
[2015-11-30 16:19:35.101] [jointLog] [info] writing output 

[2015-11-30 16:19:35.101] [jointLog] [warning] NOTE: Read Lib [../data/P89/P89-5/150910/lib8575_C6REVANXX_trimmed.fastq] :

Detected a strand bias > 1% in an unstranded protocol check the file: tmp_lib8575/libFormatCounts.txt for details

[2015-11-30 16:19:35.097] [fileLog] [info] 
At end of round 0
==================
Observed 3822447 total fragments (3822447 in most recent round)

[2015-11-30 16:21:18.361] [jointLog] [info] parsing read library format
[2015-11-30 16:21:18.409] [jointLog] [info] Loading Quasi index
[2015-11-30 16:21:30.713] [jointLog] [info] done
[2015-11-30 16:21:43.689] [fileLog] [info] 
At end of round 0
==================
Observed 3822447 total fragments (3822447 in most recent round)

[2015-11-30 16:21:43.688] [jointLog] [info] Computed 29886 rich equivalence classes for further processing
[2015-11-30 16:21:43.688] [jointLog] [info] Counted 2821536 total reads in the equivalence classes 
[2015-11-30 16:21:43.692] [jointLog] [info] Mapping rate = 73.8322%

[2015-11-30 16:21:43.692] [jointLog] [info] finished quantifyLibrary()
[2015-11-30 16:21:43.692] [jointLog] [info] Starting optimizer
[2015-11-30 16:21:43.737] [jointLog] [info] Marked 0 weighted equivalence classes as degenerate
[2015-11-30 16:21:43.739] [jointLog] [info] iteration = 0 | max rel diff. = 10638.1
[2015-11-30 16:21:43.900] [jointLog] [info] iteration = 100 | max rel diff. = 0.292761
[2015-11-30 16:21:44.052] [jointLog] [info] iteration = 200 | max rel diff. = 0.143421
[2015-11-30 16:21:44.207] [jointLog] [info] iteration = 300 | max rel diff. = 0.0859532
[2015-11-30 16:21:44.365] [jointLog] [info] iteration = 400 | max rel diff. = 0.0652061
[2015-11-30 16:21:44.518] [jointLog] [info] iteration = 500 | max rel diff. = 0.0517688
[2015-11-30 16:21:44.668] [jointLog] [info] iteration = 600 | max rel diff. = 0.0407496
[2015-11-30 16:21:44.818] [jointLog] [info] iteration = 700 | max rel diff. = 0.0382124
[2015-11-30 16:21:44.975] [jointLog] [info] iteration = 800 | max rel diff. = 0.032914
[2015-11-30 16:21:45.150] [jointLog] [info] iteration = 900 | max rel diff. = 0.0312831
[2015-11-30 16:21:45.327] [jointLog] [info] iteration = 1000 | max rel diff. = 0.0264117
[2015-11-30 16:21:45.506] [jointLog] [info] iteration = 1100 | max rel diff. = 0.0227256
[2015-11-30 16:21:45.683] [jointLog] [info] iteration = 1200 | max rel diff. = 0.0211173
[2015-11-30 16:21:45.858] [jointLog] [info] iteration = 1300 | max rel diff. = 0.0203958
[2015-11-30 16:21:46.037] [jointLog] [info] iteration = 1400 | max rel diff. = 0.0176904
[2015-11-30 16:21:46.225] [jointLog] [info] iteration = 1500 | max rel diff. = 0.015741
[2015-11-30 16:21:46.403] [jointLog] [info] iteration = 1600 | max rel diff. = 0.015741
[2015-11-30 16:21:46.576] [jointLog] [info] iteration = 1700 | max rel diff. = 0.0157104
[2015-11-30 16:21:46.740] [jointLog] [info] iteration = 1800 | max rel diff. = 0.0143175
[2015-11-30 16:21:46.896] [jointLog] [info] iteration = 1900 | max rel diff. = 0.0125981
[2015-11-30 16:21:47.071] [jointLog] [info] iteration = 2000 | max rel diff. = 0.0121027
[2015-11-30 16:21:47.255] [jointLog] [info] iteration = 2100 | max rel diff. = 0.012069
[2015-11-30 16:21:47.439] [jointLog] [info] iteration = 2200 | max rel diff. = 0.0114155
[2015-11-30 16:21:47.610] [jointLog] [info] iteration = 2300 | max rel diff. = 0.0111248
[2015-11-30 16:21:47.770] [jointLog] [info] iteration = 2400 | max rel diff. = 0.0111248
[2015-11-30 16:21:47.927] [jointLog] [info] iteration = 2500 | max rel diff. = 0.010241
[2015-11-30 16:21:48.085] [jointLog] [info] iteration = 2600 | max rel diff. = 0.010241
[2015-11-30 16:21:48.163] [jointLog] [info] iteration = 2643 | max rel diff. = 0.00960154
[2015-11-30 16:21:48.166] [jointLog] [info] Finished optimizer
[2015-11-30 16:21:48.166] [jointLog] [info] writing output 

