[2015-11-27 19:16:54.279] [jointLog] [info] parsing read library format
[2015-11-27 19:16:54.332] [jointLog] [info] Loading Quasi index
[2015-11-27 19:17:18.501] [jointLog] [info] done
[2015-11-27 19:20:44.499] [fileLog] [info] 
At end of round 0
==================
Observed 2666294 total fragments (2666294 in most recent round)

[2015-11-27 19:20:44.498] [jointLog] [info] Computed 24555 rich equivalence classes for further processing
[2015-11-27 19:20:44.498] [jointLog] [info] Counted 1691573 total reads in the equivalence classes 
[2015-11-27 19:20:44.526] [jointLog] [info] Mapping rate = 63.4621%

[2015-11-27 19:20:44.526] [jointLog] [info] finished quantifyLibrary()
[2015-11-27 19:20:44.527] [jointLog] [info] Starting optimizer
[2015-11-27 19:20:44.820] [jointLog] [info] Marked 0 weighted equivalence classes as degenerate
[2015-11-27 19:20:44.824] [jointLog] [info] iteration = 0 | max rel diff. = 2202.08
[2015-11-27 19:20:45.207] [jointLog] [info] iteration = 100 | max rel diff. = 0.28844
[2015-11-27 19:20:45.589] [jointLog] [info] iteration = 200 | max rel diff. = 0.125712
[2015-11-27 19:20:45.892] [jointLog] [info] iteration = 300 | max rel diff. = 0.0849379
[2015-11-27 19:20:46.197] [jointLog] [info] iteration = 400 | max rel diff. = 0.0642359
[2015-11-27 19:20:46.525] [jointLog] [info] iteration = 500 | max rel diff. = 0.0508534
[2015-11-27 19:20:46.866] [jointLog] [info] iteration = 600 | max rel diff. = 0.0459007
[2015-11-27 19:20:47.176] [jointLog] [info] iteration = 700 | max rel diff. = 0.0378824
[2015-11-27 19:20:47.518] [jointLog] [info] iteration = 800 | max rel diff. = 0.0311629
[2015-11-27 19:20:47.794] [jointLog] [info] iteration = 900 | max rel diff. = 0.0266968
[2015-11-27 19:20:48.197] [jointLog] [info] iteration = 1000 | max rel diff. = 0.0237113
[2015-11-27 19:20:48.507] [jointLog] [info] iteration = 1100 | max rel diff. = 0.022807
[2015-11-27 19:20:48.821] [jointLog] [info] iteration = 1200 | max rel diff. = 0.0202096
[2015-11-27 19:20:49.157] [jointLog] [info] iteration = 1300 | max rel diff. = 0.0194475
[2015-11-27 19:20:49.490] [jointLog] [info] iteration = 1400 | max rel diff. = 0.0178671
[2015-11-27 19:20:49.842] [jointLog] [info] iteration = 1500 | max rel diff. = 0.0160956
[2015-11-27 19:20:50.198] [jointLog] [info] iteration = 1600 | max rel diff. = 0.0160956
[2015-11-27 19:20:50.487] [jointLog] [info] iteration = 1700 | max rel diff. = 0.0153061
[2015-11-27 19:20:50.777] [jointLog] [info] iteration = 1800 | max rel diff. = 0.0140044
[2015-11-27 19:20:51.073] [jointLog] [info] iteration = 1900 | max rel diff. = 0.0140044
[2015-11-27 19:20:51.389] [jointLog] [info] iteration = 2000 | max rel diff. = 0.0140044
[2015-11-27 19:20:51.717] [jointLog] [info] iteration = 2100 | max rel diff. = 0.0112126
[2015-11-27 19:20:52.032] [jointLog] [info] iteration = 2200 | max rel diff. = 0.0109562
[2015-11-27 19:20:52.578] [jointLog] [info] iteration = 2300 | max rel diff. = 0.0109562
[2015-11-27 19:20:52.837] [jointLog] [info] iteration = 2359 | max rel diff. = 0.0099397
[2015-11-27 19:20:52.840] [jointLog] [info] Finished optimizer
[2015-11-27 19:20:52.841] [jointLog] [info] writing output 

[2015-11-27 19:28:47.847] [jointLog] [info] parsing read library format
[2015-11-27 19:28:47.899] [jointLog] [info] Loading Quasi index
[2015-11-27 19:29:08.795] [jointLog] [info] done
[2015-11-27 19:30:18.855] [jointLog] [info] Computed 24627 rich equivalence classes for further processing
[2015-11-27 19:30:18.855] [fileLog] [info] 
At end of round 0
==================
Observed 2666294 total fragments (2666294 in most recent round)

[2015-11-27 19:30:18.855] [jointLog] [info] Counted 1692298 total reads in the equivalence classes 
[2015-11-27 19:30:18.862] [jointLog] [info] Mapping rate = 63.4892%

[2015-11-27 19:30:18.862] [jointLog] [info] finished quantifyLibrary()
[2015-11-27 19:30:18.862] [jointLog] [info] Starting optimizer
[2015-11-27 19:30:19.010] [jointLog] [info] Marked 0 weighted equivalence classes as degenerate
[2015-11-27 19:30:19.013] [jointLog] [info] iteration = 0 | max rel diff. = 2202.08
[2015-11-27 19:30:19.281] [jointLog] [info] iteration = 100 | max rel diff. = 0.28844
[2015-11-27 19:30:19.565] [jointLog] [info] iteration = 200 | max rel diff. = 0.125717
[2015-11-27 19:30:19.888] [jointLog] [info] iteration = 300 | max rel diff. = 0.0849379
[2015-11-27 19:30:20.233] [jointLog] [info] iteration = 400 | max rel diff. = 0.064376
[2015-11-27 19:30:20.565] [jointLog] [info] iteration = 500 | max rel diff. = 0.0508534
[2015-11-27 19:30:20.946] [jointLog] [info] iteration = 600 | max rel diff. = 0.04589
[2015-11-27 19:30:21.223] [jointLog] [info] iteration = 700 | max rel diff. = 0.0378824
[2015-11-27 19:30:21.524] [jointLog] [info] iteration = 800 | max rel diff. = 0.0311629
[2015-11-27 19:30:21.834] [jointLog] [info] iteration = 900 | max rel diff. = 0.0266863
[2015-11-27 19:30:22.145] [jointLog] [info] iteration = 1000 | max rel diff. = 0.0237113
[2015-11-27 19:30:22.453] [jointLog] [info] iteration = 1100 | max rel diff. = 0.022807
[2015-11-27 19:30:22.764] [jointLog] [info] iteration = 1200 | max rel diff. = 0.0202096
[2015-11-27 19:30:23.088] [jointLog] [info] iteration = 1300 | max rel diff. = 0.0194475
[2015-11-27 19:30:23.413] [jointLog] [info] iteration = 1400 | max rel diff. = 0.0178671
[2015-11-27 19:30:23.731] [jointLog] [info] iteration = 1500 | max rel diff. = 0.0160956
[2015-11-27 19:30:24.043] [jointLog] [info] iteration = 1600 | max rel diff. = 0.0160956
[2015-11-27 19:30:24.369] [jointLog] [info] iteration = 1700 | max rel diff. = 0.0153061
[2015-11-27 19:30:24.653] [jointLog] [info] iteration = 1800 | max rel diff. = 0.0140044
[2015-11-27 19:30:24.933] [jointLog] [info] iteration = 1900 | max rel diff. = 0.0140044
[2015-11-27 19:30:25.232] [jointLog] [info] iteration = 2000 | max rel diff. = 0.0140044
[2015-11-27 19:30:25.495] [jointLog] [info] iteration = 2100 | max rel diff. = 0.0112126
[2015-11-27 19:30:25.809] [jointLog] [info] iteration = 2200 | max rel diff. = 0.0109562
[2015-11-27 19:30:26.129] [jointLog] [info] iteration = 2300 | max rel diff. = 0.0109562
[2015-11-27 19:30:26.307] [jointLog] [info] iteration = 2359 | max rel diff. = 0.0099397
[2015-11-27 19:30:26.311] [jointLog] [info] Finished optimizer
[2015-11-27 19:30:26.311] [jointLog] [info] writing output 

[2015-11-27 19:32:18.553] [jointLog] [info] parsing read library format
[2015-11-27 19:32:18.618] [jointLog] [info] Loading Quasi index
[2015-11-27 19:32:18.620] [jointLog] [info] done
[2015-11-27 19:32:37.313] [fileLog] [info] 
At end of round 0
==================
Observed 2666294 total fragments (2666294 in most recent round)

[2015-11-27 19:32:37.312] [jointLog] [info] Computed 0 rich equivalence classes for further processing
[2015-11-27 19:32:37.312] [jointLog] [info] Counted 0 total reads in the equivalence classes 
[2015-11-27 19:32:37.314] [jointLog] [info] Mapping rate = 0%

[2015-11-27 19:32:37.314] [jointLog] [info] finished quantifyLibrary()
[2015-11-27 19:32:37.314] [jointLog] [info] Starting optimizer
[2015-11-27 19:32:37.314] [jointLog] [info] Marked 0 weighted equivalence classes as degenerate
[2015-11-27 19:32:37.314] [jointLog] [info] iteration = 0 | max rel diff. = -1.79769e+308
[2015-11-27 19:32:37.314] [jointLog] [info] iteration = 1 | max rel diff. = -1.79769e+308
[2015-11-27 19:32:37.314] [jointLog] [error] Total alpha weight was too small! Make sure you ran salmon correclty.
[2015-11-27 19:32:37.314] [jointLog] [info] Finished optimizer
[2015-11-27 19:32:37.314] [jointLog] [info] writing output 

[2015-11-27 19:52:42.301] [jointLog] [info] parsing read library format
[2015-11-27 19:52:42.347] [jointLog] [info] Loading Quasi index
[2015-11-27 19:52:42.349] [jointLog] [info] done
[2015-11-27 19:53:00.197] [jointLog] [info] Computed 0 rich equivalence classes for further processing
[2015-11-27 19:53:00.197] [jointLog] [info] Counted 0 total reads in the equivalence classes 
[2015-11-27 19:53:00.199] [jointLog] [info] Mapping rate = 0%

[2015-11-27 19:53:00.199] [jointLog] [info] finished quantifyLibrary()
[2015-11-27 19:53:00.199] [jointLog] [info] Starting optimizer
[2015-11-27 19:53:00.199] [jointLog] [info] Marked 0 weighted equivalence classes as degenerate
[2015-11-27 19:53:00.199] [jointLog] [info] iteration = 0 | max rel diff. = -1.79769e+308
[2015-11-27 19:53:00.199] [jointLog] [info] iteration = 1 | max rel diff. = -1.79769e+308
[2015-11-27 19:53:00.199] [jointLog] [error] Total alpha weight was too small! Make sure you ran salmon correclty.
[2015-11-27 19:53:00.199] [jointLog] [info] Finished optimizer
[2015-11-27 19:53:00.199] [jointLog] [info] writing output 

[2015-11-27 19:53:00.198] [fileLog] [info] 
At end of round 0
==================
Observed 2666294 total fragments (2666294 in most recent round)

[2015-11-27 19:57:07.244] [jointLog] [info] parsing read library format
[2015-11-27 19:57:07.294] [jointLog] [info] Loading Quasi index
[2015-11-27 19:57:07.294] [jointLog] [info] done
[2015-11-27 19:57:24.859] [jointLog] [info] Computed 0 rich equivalence classes for further processing
[2015-11-27 19:57:24.859] [jointLog] [info] Counted 0 total reads in the equivalence classes 
[2015-11-27 19:57:24.860] [jointLog] [info] Mapping rate = 0%

[2015-11-27 19:57:24.860] [jointLog] [info] finished quantifyLibrary()
[2015-11-27 19:57:24.860] [jointLog] [info] Starting optimizer
[2015-11-27 19:57:24.861] [jointLog] [info] Marked 0 weighted equivalence classes as degenerate
[2015-11-27 19:57:24.861] [jointLog] [info] iteration = 0 | max rel diff. = -1.79769e+308
[2015-11-27 19:57:24.861] [jointLog] [info] iteration = 1 | max rel diff. = -1.79769e+308
[2015-11-27 19:57:24.861] [jointLog] [error] Total alpha weight was too small! Make sure you ran salmon correclty.
[2015-11-27 19:57:24.861] [jointLog] [info] Finished optimizer
[2015-11-27 19:57:24.861] [jointLog] [info] writing output 

[2015-11-27 19:57:24.859] [fileLog] [info] 
At end of round 0
==================
Observed 2666294 total fragments (2666294 in most recent round)

[2015-11-27 19:57:32.167] [jointLog] [info] parsing read library format
[2015-11-27 19:57:32.213] [jointLog] [info] Loading Quasi index
[2015-11-27 19:57:32.213] [jointLog] [info] done
[2015-11-27 19:57:50.152] [jointLog] [info] Computed 0 rich equivalence classes for further processing
[2015-11-27 19:57:50.152] [jointLog] [info] Counted 0 total reads in the equivalence classes 
[2015-11-27 19:57:50.154] [jointLog] [info] Mapping rate = 0%

[2015-11-27 19:57:50.154] [jointLog] [info] finished quantifyLibrary()
[2015-11-27 19:57:50.154] [jointLog] [info] Starting optimizer
[2015-11-27 19:57:50.154] [jointLog] [info] Marked 0 weighted equivalence classes as degenerate
[2015-11-27 19:57:50.154] [jointLog] [info] iteration = 0 | max rel diff. = -1.79769e+308
[2015-11-27 19:57:50.154] [jointLog] [info] iteration = 1 | max rel diff. = -1.79769e+308
[2015-11-27 19:57:50.154] [jointLog] [error] Total alpha weight was too small! Make sure you ran salmon correclty.
[2015-11-27 19:57:50.154] [jointLog] [info] Finished optimizer
[2015-11-27 19:57:50.154] [jointLog] [info] writing output 

[2015-11-27 19:57:50.153] [fileLog] [info] 
At end of round 0
==================
Observed 2666294 total fragments (2666294 in most recent round)

[2015-11-27 20:03:41.686] [jointLog] [info] parsing read library format
[2015-11-27 20:03:41.737] [jointLog] [info] Loading Quasi index
[2015-11-27 20:03:41.737] [jointLog] [info] done
[2015-11-27 20:03:59.683] [jointLog] [info] Computed 0 rich equivalence classes for further processing
[2015-11-27 20:03:59.683] [jointLog] [info] Counted 0 total reads in the equivalence classes 
[2015-11-27 20:03:59.685] [jointLog] [info] Mapping rate = 0%

[2015-11-27 20:03:59.685] [jointLog] [info] finished quantifyLibrary()
[2015-11-27 20:03:59.685] [jointLog] [info] Starting optimizer
[2015-11-27 20:03:59.685] [jointLog] [info] Marked 0 weighted equivalence classes as degenerate
[2015-11-27 20:03:59.685] [jointLog] [info] iteration = 0 | max rel diff. = -1.79769e+308
[2015-11-27 20:03:59.685] [jointLog] [info] iteration = 1 | max rel diff. = -1.79769e+308
[2015-11-27 20:03:59.685] [jointLog] [error] Total alpha weight was too small! Make sure you ran salmon correclty.
[2015-11-27 20:03:59.685] [jointLog] [info] Finished optimizer
[2015-11-27 20:03:59.685] [jointLog] [info] writing output 

[2015-11-27 20:03:59.684] [fileLog] [info] 
At end of round 0
==================
Observed 2666294 total fragments (2666294 in most recent round)

